<?xml version="1.0" encoding="UTF-8"?>
<!-- Generated by org.testng.reporters.JUnitReportReporter -->
<testsuite skipped="0" hostname="Surajs-MacBook-Pro.local" name="demo.TestNGParametersDemo" tests="1" failures="0" timestamp="2020-04-11T18:42:01 NPT" time="0.005" errors="0">
  <testcase name="test" time="0.005" classname="demo.TestNGParametersDemo"/>
  <system-out/>
</testsuite> <!-- demo.TestNGParametersDemo -->
