<?xml version="1.0" encoding="UTF-8"?>
<!-- Generated by org.testng.reporters.JUnitReportReporter -->
<testsuite skipped="0" hostname="Surajs-MacBook-Pro.local" name="com.crm.qa.testcases.LoginPageTest" tests="3" failures="0" timestamp="2020-04-26T14:56:21 NPT" time="26.972" errors="0">
  <testcase name="LoginPageTitleTest" time="5.589" classname="com.crm.qa.testcases.LoginPageTest"/>
  <system-out/>
  <testcase name="CRMLogoImageTest" time="6.999" classname="com.crm.qa.testcases.LoginPageTest"/>
  <system-out/>
  <testcase name="LoginTest" time="14.384" classname="com.crm.qa.testcases.LoginPageTest"/>
  <system-out/>
</testsuite> <!-- com.crm.qa.testcases.LoginPageTest -->
