<?xml version="1.0" encoding="UTF-8"?>
<!-- Generated by org.testng.reporters.JUnitReportReporter -->
<testsuite skipped="0" hostname="Surajs-MacBook-Pro.local" name="demo.TestNGMultiBrowserDemo" tests="2" failures="0" timestamp="2020-04-11T16:35:13 NPT" time="14.534" errors="0">
  <testcase name="test1" time="7.626" classname="demo.TestNGMultiBrowserDemo"/>
  <system-out/>
  <testcase name="test1" time="6.908" classname="demo.TestNGMultiBrowserDemo"/>
  <system-out/>
</testsuite> <!-- demo.TestNGMultiBrowserDemo -->
