<?xml version="1.0" encoding="UTF-8"?>
<!-- Generated by org.testng.reporters.JUnitReportReporter -->
<testsuite skipped="0" hostname="Surajs-MacBook-Pro.local" name="test.OrangeHrmLoginPageTest_TestNG_Demo" tests="2" failures="0" timestamp="2020-04-09T20:19:11 NPT" time="4.285" errors="0">
  <testcase name="orangeHRMLoginTest" time="3.146" classname="test.OrangeHrmLoginPageTest_TestNG_Demo"/>
  <system-out/>
  <testcase name="orangeHRMInvalidLoginTest" time="1.139" classname="test.OrangeHrmLoginPageTest_TestNG_Demo"/>
  <system-out/>
</testsuite> <!-- test.OrangeHrmLoginPageTest_TestNG_Demo -->
