<?xml version="1.0" encoding="UTF-8"?>
<!-- Generated by org.testng.reporters.JUnitReportReporter -->
<testsuite skipped="0" hostname="Surajs-MacBook-Pro.local" name="demo.TestNGMultiBrowserDemo" tests="2" failures="0" timestamp="2020-04-13T15:50:50 NPT" time="13.931" errors="0">
  <testcase name="test1" time="6.554" classname="demo.TestNGMultiBrowserDemo"/>
  <system-out/>
  <testcase name="test1" time="7.377" classname="demo.TestNGMultiBrowserDemo"/>
  <system-out/>
</testsuite> <!-- demo.TestNGMultiBrowserDemo -->
