<?xml version="1.0" encoding="UTF-8"?>
<!-- Generated by org.testng.reporters.JUnitReportReporter -->
<testsuite skipped="0" hostname="Surajs-MacBook-Pro.local" name="test.OrangeHrmLoginPageTest_TestNG_Demo2" tests="1" failures="0" timestamp="2020-04-08T22:59:33 NPT" time="1.205" errors="0">
  <testcase name="orangeHRMInvalidLoginTest2" time="1.205" classname="test.OrangeHrmLoginPageTest_TestNG_Demo2"/>
  <system-out/>
</testsuite> <!-- test.OrangeHrmLoginPageTest_TestNG_Demo2 -->
