<?xml version="1.0" encoding="UTF-8"?>
<!-- Generated by org.testng.reporters.JUnitReportReporter -->
<testsuite skipped="0" hostname="Surajs-MacBook-Pro.local" name="demo.TestNGPriorityDemo" tests="3" failures="0" timestamp="2020-04-11T16:09:00 NPT" time="0.008" errors="0">
  <testcase name="one" time="0.007" classname="demo.TestNGPriorityDemo"/>
  <system-out/>
  <testcase name="two" time="0.000" classname="demo.TestNGPriorityDemo"/>
  <system-out/>
  <testcase name="three" time="0.001" classname="demo.TestNGPriorityDemo"/>
  <system-out/>
</testsuite> <!-- demo.TestNGPriorityDemo -->
