<?xml version="1.0" encoding="UTF-8"?>
<!-- Generated by org.testng.reporters.JUnitReportReporter -->
<testsuite skipped="0" hostname="Surajs-MacBook-Pro.local" name="test.OrangeHRMLoginWithExcelData" tests="7" failures="0" timestamp="2020-04-10T16:18:31 NPT" time="5.587" errors="0">
  <testcase name="OrangeHRMLoginTest" time="1.186" classname="test.OrangeHRMLoginWithExcelData"/>
  <system-out/>
  <testcase name="OrangeHRMLoginTest" time="0.454" classname="test.OrangeHRMLoginWithExcelData"/>
  <system-out/>
  <testcase name="OrangeHRMLoginTest" time="1.880" classname="test.OrangeHRMLoginWithExcelData"/>
  <system-out/>
  <testcase name="OrangeHRMLoginTest" time="0.547" classname="test.OrangeHRMLoginWithExcelData"/>
  <system-out/>
  <testcase name="OrangeHRMLoginTest" time="0.509" classname="test.OrangeHRMLoginWithExcelData"/>
  <system-out/>
  <testcase name="OrangeHRMLoginTest" time="0.512" classname="test.OrangeHRMLoginWithExcelData"/>
  <system-out/>
  <testcase name="OrangeHRMLoginTest" time="0.499" classname="test.OrangeHRMLoginWithExcelData"/>
  <system-out/>
</testsuite> <!-- test.OrangeHRMLoginWithExcelData -->
