<?xml version="1.0" encoding="UTF-8"?>
<!-- Generated by org.testng.reporters.JUnitReportReporter -->
<testsuite skipped="0" hostname="Surajs-MacBook-Pro.local" name="demo.testNGDependencyDemo" tests="3" failures="0" timestamp="2020-04-11T18:53:40 NPT" time="0.009" errors="0">
  <testcase name="test1" time="0.001" classname="demo.testNGDependencyDemo"/>
  <system-out/>
  <testcase name="test2" time="0.007" classname="demo.testNGDependencyDemo"/>
  <system-out/>
  <testcase name="test3" time="0.001" classname="demo.testNGDependencyDemo"/>
  <system-out/>
</testsuite> <!-- demo.testNGDependencyDemo -->
