<?xml version="1.0" encoding="UTF-8"?>
<!-- Generated by org.testng.reporters.JUnitReportReporter -->
<testsuite skipped="0" hostname="Surajs-MacBook-Pro.local" name="demo.TestNGParametersDemo" tests="1" failures="0" timestamp="2020-04-13T14:38:52 NPT" time="0.006" errors="0">
  <testcase name="test" time="0.006" classname="demo.TestNGParametersDemo"/>
  <system-out/>
</testsuite> <!-- demo.TestNGParametersDemo -->
